<?xml version="1.0" encoding="UTF-8"?>
<!-- Generated by org.testng.reporters.JUnitReportReporter -->
<testsuite hostname="Vinay" failures="0" tests="1" name="com.actitime.testscript.CustomerModule" time="0.012" errors="0" timestamp="2023-12-17T10:24:37 IST" skipped="0">
  <testcase classname="com.actitime.testscript.CustomerModule" name="createCustomer" time="0.012"/>
  <system-out/>
</testsuite> <!-- com.actitime.testscript.CustomerModule -->
